<?xml version="1.0" encoding="UTF-8"?>
<!-- Generated by org.testng.reporters.JUnitReportReporter -->
<testsuite hostname="DESKTOP-Q28BER4" failures="0" tests="1" name="testScripts.DWS_Login_002" time="2.316" errors="0" timestamp="2023-08-04T18:05:32 IST" skipped="0">
  <testcase classname="testScripts.DWS_Login_002" name="logintest_002" time="2.316"/>
</testsuite> <!-- testScripts.DWS_Login_002 -->
